<?xml version="1.0" encoding="UTF-8"?>
<!-- Generated by org.testng.reporters.JUnitXMLReporter -->
<testsuite ignored="1" hostname="DESKTOP-03C0N88" failures="0" tests="1" name="Default test" time="12.598" errors="0" timestamp="2022-01-25T09:45:09 IST">
  <testcase classname="testMethods.BirthdayTest" name="facebook" time="4.727"/>
  <testcase classname="testMethods.BirthdayTest" name="bookingLogin" time="0.0">
    <ignored/>
  </testcase> <!-- bookingLogin -->
</testsuite> <!-- Default test -->
