<?xml version="1.0" encoding="UTF-8"?>
<testng-results ignored="1" total="2" passed="1" failed="0" skipped="0">
  <reporter-output>
  </reporter-output>
  <suite started-at="2022-01-25T09:44:56 IST" name="Default suite" finished-at="2022-01-25T09:45:09 IST" duration-ms="12598">
    <groups>
    </groups>
    <test started-at="2022-01-25T09:44:56 IST" name="Default test" finished-at="2022-01-25T09:45:09 IST" duration-ms="12598">
      <class name="testMethods.BirthdayTest">
        <test-method is-config="true" signature="setup()[pri:0, instance:testMethods.BirthdayTest@77a074b4]" started-at="2022-01-25T09:44:56 IST" name="setup" finished-at="2022-01-25T09:44:58 IST" duration-ms="1847" status="PASS">
          <reporter-output>
          </reporter-output>
        </test-method> <!-- setup -->
        <test-method signature="facebook(java.util.HashMap)[pri:0, instance:testMethods.BirthdayTest@77a074b4]" started-at="2022-01-25T09:44:58 IST" name="facebook" data-provider="testdata" finished-at="2022-01-25T09:45:03 IST" duration-ms="4727" status="PASS">
          <params>
            <param index="0">
              <value>
                <![CDATA[{}]]>
              </value>
            </param>
          </params>
          <reporter-output>
          </reporter-output>
        </test-method> <!-- facebook -->
        <test-method is-config="true" signature="aftermethod(org.testng.ITestResult)[pri:0, instance:testMethods.BirthdayTest@77a074b4]" started-at="2022-01-25T09:45:03 IST" name="aftermethod" finished-at="2022-01-25T09:45:03 IST" duration-ms="251" status="PASS">
          <params>
            <param index="0">
              <value>
                <![CDATA[[TestResult name=facebook status=SUCCESS method=BirthdayTest.facebook(java.util.HashMap)[pri:0, instance:testMethods.BirthdayTest@77a074b4] output={null}]]]>
              </value>
            </param>
          </params>
          <reporter-output>
          </reporter-output>
        </test-method> <!-- aftermethod -->
        <test-method is-config="true" signature="closeDriver()[pri:0, instance:testMethods.BirthdayTest@77a074b4]" started-at="2022-01-25T09:45:03 IST" name="closeDriver" finished-at="2022-01-25T09:45:09 IST" duration-ms="5679" status="PASS">
          <reporter-output>
          </reporter-output>
        </test-method> <!-- closeDriver -->
      </class> <!-- testMethods.BirthdayTest -->
    </test> <!-- Default test -->
  </suite> <!-- Default suite -->
</testng-results>
