<?xml version="1.0" encoding="UTF-8"?>
<testng-results ignored="0" total="2" passed="2" failed="0" skipped="0">
  <reporter-output>
  </reporter-output>
  <suite started-at="2022-01-26T11:20:32 IST" name="Default suite" finished-at="2022-01-26T11:20:45 IST" duration-ms="12757">
    <groups>
    </groups>
    <test started-at="2022-01-26T11:20:32 IST" name="Default test" finished-at="2022-01-26T11:20:45 IST" duration-ms="12757">
      <class name="testmethods.BirthdayTest">
        <test-method is-config="true" signature="setup()[pri:0, instance:testmethods.BirthdayTest@4228bf58]" started-at="2022-01-26T11:20:32 IST" name="setup" finished-at="2022-01-26T11:20:32 IST" duration-ms="228" status="PASS">
          <reporter-output>
          </reporter-output>
        </test-method> <!-- setup -->
        <test-method signature="bookingLogin(java.util.HashMap)[pri:0, instance:testmethods.BirthdayTest@4228bf58]" started-at="2022-01-26T11:20:32 IST" name="bookingLogin" data-provider="testdata" finished-at="2022-01-26T11:20:40 IST" duration-ms="8050" status="PASS">
          <params>
            <param index="0">
              <value>
                <![CDATA[{}]]>
              </value>
            </param>
          </params>
          <reporter-output>
          </reporter-output>
        </test-method> <!-- bookingLogin -->
        <test-method is-config="true" signature="aftermethod(org.testng.ITestResult)[pri:0, instance:testmethods.BirthdayTest@4228bf58]" started-at="2022-01-26T11:20:40 IST" name="aftermethod" finished-at="2022-01-26T11:20:41 IST" duration-ms="144" status="PASS">
          <params>
            <param index="0">
              <value>
                <![CDATA[[TestResult name=bookingLogin status=SUCCESS method=BirthdayTest.bookingLogin(java.util.HashMap)[pri:0, instance:testmethods.BirthdayTest@4228bf58] output={null}]]]>
              </value>
            </param>
          </params>
          <reporter-output>
          </reporter-output>
        </test-method> <!-- aftermethod -->
        <test-method signature="facebook(java.util.HashMap)[pri:0, instance:testmethods.BirthdayTest@4228bf58]" started-at="2022-01-26T11:20:41 IST" name="facebook" data-provider="testdata" finished-at="2022-01-26T11:20:44 IST" duration-ms="3308" status="PASS">
          <params>
            <param index="0">
              <value>
                <![CDATA[{}]]>
              </value>
            </param>
          </params>
          <reporter-output>
          </reporter-output>
        </test-method> <!-- facebook -->
        <test-method is-config="true" signature="aftermethod(org.testng.ITestResult)[pri:0, instance:testmethods.BirthdayTest@4228bf58]" started-at="2022-01-26T11:20:44 IST" name="aftermethod" finished-at="2022-01-26T11:20:44 IST" duration-ms="132" status="PASS">
          <params>
            <param index="0">
              <value>
                <![CDATA[[TestResult name=facebook status=SUCCESS method=BirthdayTest.facebook(java.util.HashMap)[pri:0, instance:testmethods.BirthdayTest@4228bf58] output={null}]]]>
              </value>
            </param>
          </params>
          <reporter-output>
          </reporter-output>
        </test-method> <!-- aftermethod -->
        <test-method is-config="true" signature="closeDriver()[pri:0, instance:testmethods.BirthdayTest@4228bf58]" started-at="2022-01-26T11:20:44 IST" name="closeDriver" finished-at="2022-01-26T11:20:45 IST" duration-ms="830" status="PASS">
          <reporter-output>
          </reporter-output>
        </test-method> <!-- closeDriver -->
      </class> <!-- testmethods.BirthdayTest -->
    </test> <!-- Default test -->
  </suite> <!-- Default suite -->
</testng-results>
