<?xml version="1.0" encoding="UTF-8"?>
<testng-results ignored="1" total="2" passed="1" failed="0" skipped="0">
  <reporter-output>
  </reporter-output>
  <suite started-at="2022-01-26T14:07:33 IST" name="Default suite" finished-at="2022-01-26T14:07:40 IST" duration-ms="7017">
    <groups>
    </groups>
    <test started-at="2022-01-26T14:07:33 IST" name="Default test" finished-at="2022-01-26T14:07:40 IST" duration-ms="7017">
      <class name="testmethods.BirthdayTest">
        <test-method is-config="true" signature="setup()[pri:0, instance:testmethods.BirthdayTest@1457fde]" started-at="2022-01-26T14:07:33 IST" name="setup" finished-at="2022-01-26T14:07:33 IST" duration-ms="588" status="PASS">
          <reporter-output>
          </reporter-output>
        </test-method> <!-- setup -->
        <test-method signature="facebook(java.util.HashMap)[pri:0, instance:testmethods.BirthdayTest@1457fde]" started-at="2022-01-26T14:07:33 IST" name="facebook" data-provider="testdata" finished-at="2022-01-26T14:07:37 IST" duration-ms="3720" status="PASS">
          <params>
            <param index="0">
              <value>
                <![CDATA[{}]]>
              </value>
            </param>
          </params>
          <reporter-output>
          </reporter-output>
        </test-method> <!-- facebook -->
        <test-method is-config="true" signature="aftermethod(org.testng.ITestResult)[pri:0, instance:testmethods.BirthdayTest@1457fde]" started-at="2022-01-26T14:07:37 IST" name="aftermethod" finished-at="2022-01-26T14:07:37 IST" duration-ms="200" status="PASS">
          <params>
            <param index="0">
              <value>
                <![CDATA[[TestResult name=facebook status=SUCCESS method=BirthdayTest.facebook(java.util.HashMap)[pri:0, instance:testmethods.BirthdayTest@1457fde] output={null}]]]>
              </value>
            </param>
          </params>
          <reporter-output>
          </reporter-output>
        </test-method> <!-- aftermethod -->
        <test-method is-config="true" signature="closeDriver()[pri:0, instance:testmethods.BirthdayTest@1457fde]" started-at="2022-01-26T14:07:37 IST" name="closeDriver" finished-at="2022-01-26T14:07:40 IST" duration-ms="2359" status="PASS">
          <reporter-output>
          </reporter-output>
        </test-method> <!-- closeDriver -->
      </class> <!-- testmethods.BirthdayTest -->
    </test> <!-- Default test -->
  </suite> <!-- Default suite -->
</testng-results>
